=~=~=~=~=~=~=~=~=~=~=~= PuTTY log 2025.05.06 00:05:04 =~=~=~=~=~=~=~=~=~=~=~=
 0:00:00 @ +0.0000000 +0.0000000 ^   0 kph dir   0 N
 0:00:00 @ +45.2945758 -75.8638765 ^   3 kph dir 205 SSW
 0:00:00 @ +45.2945592 -75.8638882 ^   4 kph dir 207 SSW
 0:00:00 @ +45.2945485 -75.8638972 ^   5 kph dir 209 SSW
 0:00:00 @ +45.2945463 -75.8639143 ^   5 kph dir 223 SW
 0:00:00 @ +45.2945478 -75.8639177 ^   3 kph dir 223 SW
 0:00:00 @ +45.2945488 -75.8639153 ^   1 kph dir 223 SW
 0:00:00 @ +45.2945465 -75.8639178 ^   1 kph dir 223 SW
 0:00:00 @ +45.2945462 -75.8639155 ^   0 kph dir 223 SW
 0:00:00 @ +45.2945448 -75.8639015 ^   2 kph dir 223 SW
 0:00:00 @ +45.2945368 -75.8638767 ^   5 kph dir 150 SSE
 0:00:00 @ +45.2945235 -75.8638395 ^   9 kph dir 119 ESE
 0:00:00 @ +45.2945098 -75.8638007 ^  11 kph dir 114 ESE
 0:00:00 @ +45.2944972 -75.8637567 ^  12 kph dir 113 ESE
 0:00:00 @ +45.2944852 -75.8637113 ^  13 kph dir 112 ESE
 0:00:00 @ +45.2944710 -75.8636643 ^  14 kph dir 111 ESE
 0:00:00 @ +45.2944592 -75.8636137 ^  14 kph dir 110 ESE
 0:00:00 @ +45.2944507 -75.8635617 ^  15 kph dir 108 ESE
 0:00:00 @ +45.2944403 -75.8635105 ^  15 kph dir 108 ESE
 0:00:00 @ +45.2944283 -75.8634565 ^  15 kph dir 107 ESE
 0:00:00 @ +45.2944133 -75.8634002 ^  16 kph dir 106 ESE
